03:09:56 PM: ERROR [input_validator.py: line 24] Invalid time: '10:127'
03:10:04 PM: ERROR [input_validator.py: line 24] Invalid day: '0'
03:10:13 PM: ERROR [input_validator.py: line 19] Command not found: 'Studento'
03:10:35 PM: ERROR [main.py: line 22] No input recieved.
03:13:47 PM: ERROR [main.py: line 22] No input recieved.
03:13:51 PM: ERROR [input_validator.py: line 19] Command not found: 'Studento'
03:34:08 PM: ERROR [input_validator.py: line 24] Invalid day: '9'
03:34:23 PM: ERROR [input_validator.py: line 24] Invalid time: '10:58hjg'
03:34:33 PM: ERROR [input_validator.py: line 24] Invalid time: '10:90958'
03:34:54 PM: ERROR [input_validator.py: line 24] Invalid time: '10:'
03:35:34 PM: ERROR [input_validator.py: line 24] Invalid time: ''
03:35:50 PM: ERROR [input_validator.py: line 24] Invalid time: ''
03:37:57 PM: ERROR [main.py: line 19] No input recieved.
04:27:06 PM: ERROR [format_input_validator.py: line 63] Invalid command: "Studentsd a Marco
"
04:27:21 PM: ERROR [format_input_validator.py: line 63] Invalid command: "Studentsd a Marco    
"
04:27:53 PM: ERROR [format_input_validator.py: line 63] Invalid command: Studentsd a Marco

04:31:10 PM: ERROR [format_input_validator.py: line 65] Invalid command: Presence Marco 1 09:0s2 10:17 R100

04:48:02 PM: ERROR [format_input_validator.py: line 21] Invalid command: Presence Marco 1 10:90 12:05 R205

